AndroidLean/app/build/intermediates/manifest_merge_blame_file/debug/manifest-merger-blame-debug-report.txt
1<?xml version="1.0" encoding="utf-8"?>
2<manifest xmlns:android="http://schemas.android.com/apk/res/android"
3    package="com.erik.android.androidlean"
4    android:versionCode="1"
5    android:versionName="1.0" >
6
7    <uses-sdk
8        android:minSdkVersion="19"
8-->src/main/AndroidManifest.xml
9        android:targetSdkVersion="28" />
9-->src/main/AndroidManifest.xml
10    <!-- 访问internet权限 -->
11    <uses-permission android:name="android.permission.READ_CONTACTS" /> <!-- 往SDCard写入数据权限 -->
11-->src/main/AndroidManifest.xml:5:5-72
11-->src/main/AndroidManifest.xml:5:22-69
12    <uses-permission android:name="android.permission.WRITE_EXTERNAL_STORAGE" />
12-->src/main/AndroidManifest.xml:6:5-81
12-->src/main/AndroidManifest.xml:6:22-78
13    <uses-permission android:name="android.permission.INTERNET" /> <!-- if you want to load images from a file OR from the internet -->
13-->src/main/AndroidManifest.xml:7:5-67
13-->src/main/AndroidManifest.xml:7:22-64
14    <uses-permission android:name="android.permission.MOUNT_UNMOUNT_FILESYSTEMS" />
14-->src/main/AndroidManifest.xml:8:5-84
14-->src/main/AndroidManifest.xml:8:22-81
15    <uses-permission android:name="android.permission.WRITE_EXTERNAL_STORAGE" />
15-->src/main/AndroidManifest.xml:6:5-81
15-->src/main/AndroidManifest.xml:6:22-78
16    <uses-permission android:name="android.permission.READ_EXTERNAL_STORAGE" />
16-->src/main/AndroidManifest.xml:10:5-80
16-->src/main/AndroidManifest.xml:10:22-77
17    <uses-permission android:name="com.android.launcher.permission.INSTALL_SHORTCUT" />
17-->src/main/AndroidManifest.xml:11:5-88
17-->src/main/AndroidManifest.xml:11:22-85
18    <uses-permission android:name="android.permission.VIBRATE" />
18-->src/main/AndroidManifest.xml:12:5-66
18-->src/main/AndroidManifest.xml:12:22-63
19    <uses-permission android:name="android.permission.SET_WALLPAPER" />
19-->src/main/AndroidManifest.xml:13:5-72
19-->src/main/AndroidManifest.xml:13:22-69
20    <uses-permission android:name="android.permission.ACCESS_FINE_LOCATION" />
20-->src/main/AndroidManifest.xml:14:5-79
20-->src/main/AndroidManifest.xml:14:22-76
21    <uses-permission android:name="android.permission.ACCESS_NETWORK_STATE" />
21-->[com.github.SherlockGougou:BigImageViewPager:v4_4.1.0] AndroidManifest.xml:9:5-79
21-->[com.github.SherlockGougou:BigImageViewPager:v4_4.1.0] AndroidManifest.xml:9:22-76
22
23    <application
23-->src/main/AndroidManifest.xml:16:5-87:19
24        android:name="com.erik.android.androidlean.ohter.TestApplication"
24-->src/main/AndroidManifest.xml:17:9-46
25        android:allowBackup="true"
25-->src/main/AndroidManifest.xml:18:9-35
26        android:appComponentFactory="android.support.v4.app.CoreComponentFactory"
26-->[com.android.support:support-compat:28.0.0] AndroidManifest.xml:22:18-91
27        android:debuggable="true"
28        android:icon="@mipmap/ic_launcher"
28-->src/main/AndroidManifest.xml:19:9-43
29        android:label="@string/app_name"
29-->src/main/AndroidManifest.xml:20:9-41
30        android:networkSecurityConfig="@xml/network_security_config"
30-->src/main/AndroidManifest.xml:21:9-69
31        android:roundIcon="@mipmap/ic_launcher_logo"
31-->src/main/AndroidManifest.xml:22:9-53
32        android:supportsRtl="true"
32-->src/main/AndroidManifest.xml:23:9-35
33        android:testOnly="true"
34        android:theme="@style/AppNewTheme" >
34-->src/main/AndroidManifest.xml:24:9-43
35        <activity android:name="com.erik.android.androidlean.activity.LocationActivity" />
35-->src/main/AndroidManifest.xml:25:9-63
35-->src/main/AndroidManifest.xml:25:19-60
36
37        <service android:name="com.erik.android.androidlean.ohter.WallPaperService" />
37-->src/main/AndroidManifest.xml:27:9-59
37-->src/main/AndroidManifest.xml:27:18-56
38
39        <activity android:name="com.erik.android.androidlean.activity.ChangeWallPagerActivity" />
39-->src/main/AndroidManifest.xml:29:9-70
39-->src/main/AndroidManifest.xml:29:19-67
40        <activity android:name="com.erik.android.androidlean.activity.QRCodeActivity" />
40-->src/main/AndroidManifest.xml:30:9-61
40-->src/main/AndroidManifest.xml:30:19-58
41        <activity android:name="com.erik.android.androidlean.activity.VolumeActivity" />
41-->src/main/AndroidManifest.xml:31:9-61
41-->src/main/AndroidManifest.xml:31:19-58
42        <activity android:name="com.erik.android.androidlean.activity.LargerImageActivity" />
42-->src/main/AndroidManifest.xml:32:9-66
42-->src/main/AndroidManifest.xml:32:19-63
43        <activity
43-->src/main/AndroidManifest.xml:33:9-51:20
44            android:name="com.erik.android.androidlean.activity.MainActivity"
44-->src/main/AndroidManifest.xml:34:13-50
45            android:configChanges="orientation" >
45-->src/main/AndroidManifest.xml:35:13-48
46            <intent-filter>
46-->src/main/AndroidManifest.xml:36:13-40:29
47                <action android:name="android.intent.action.MAIN" />
47-->src/main/AndroidManifest.xml:37:17-69
47-->src/main/AndroidManifest.xml:37:25-66
48
49                <category android:name="android.intent.category.LAUNCHER" />
49-->src/main/AndroidManifest.xml:39:17-77
49-->src/main/AndroidManifest.xml:39:27-74
50            </intent-filter>
51            <intent-filter>
51-->src/main/AndroidManifest.xml:41:13-50:29
52                <data
52-->src/main/AndroidManifest.xml:42:17-44:48
53                    android:host="m.test.com"
53-->src/main/AndroidManifest.xml:43:21-46
54                    android:scheme="arouter" />
54-->src/main/AndroidManifest.xml:44:21-45
55
56                <action android:name="android.intent.action.VIEW" />
56-->src/main/AndroidManifest.xml:46:17-69
56-->src/main/AndroidManifest.xml:46:25-66
57
58                <category android:name="android.intent.category.DEFAULT" />
58-->src/main/AndroidManifest.xml:48:17-76
58-->src/main/AndroidManifest.xml:48:27-73
59                <category android:name="android.intent.category.BROWSABLE" />
59-->src/main/AndroidManifest.xml:49:17-78
59-->src/main/AndroidManifest.xml:49:27-75
60            </intent-filter>
61        </activity>
62        <activity
62-->src/main/AndroidManifest.xml:52:9-54:46
63            android:name="com.erik.android.androidlean.activity.DetailActivity"
63-->src/main/AndroidManifest.xml:53:13-52
64            android:launchMode="singleTop" />
64-->src/main/AndroidManifest.xml:54:13-43
65        <activity
65-->src/main/AndroidManifest.xml:55:9-57:46
66            android:name="com.erik.android.androidlean.activity.MatrixActivity"
66-->src/main/AndroidManifest.xml:56:13-52
67            android:launchMode="singleTop" />
67-->src/main/AndroidManifest.xml:57:13-43
68        <activity
68-->src/main/AndroidManifest.xml:58:9-60:46
69            android:name="com.erik.android.androidlean.activity.DrawBoardActivity"
69-->src/main/AndroidManifest.xml:59:13-55
70            android:launchMode="singleTop" />
70-->src/main/AndroidManifest.xml:60:13-43
71        <activity
71-->src/main/AndroidManifest.xml:61:9-64:50
72            android:name="com.erik.android.androidlean.activity.BaseActivity"
72-->src/main/AndroidManifest.xml:62:13-50
73            android:label="@string/title_activity_base"
73-->src/main/AndroidManifest.xml:63:13-56
74            android:theme="@style/AppNewTheme" />
74-->src/main/AndroidManifest.xml:64:13-47
75        <activity
75-->src/main/AndroidManifest.xml:65:9-67:46
76            android:name="com.erik.android.androidlean.activity.ImageActivity"
76-->src/main/AndroidManifest.xml:66:13-51
77            android:launchMode="singleTop" />
77-->src/main/AndroidManifest.xml:67:13-43
78        <activity
78-->src/main/AndroidManifest.xml:68:9-71:46
79            android:name="com.erik.android.androidlean.activity.WebViewActivity"
79-->src/main/AndroidManifest.xml:69:13-53
80            android:label="WebView"
80-->src/main/AndroidManifest.xml:70:13-36
81            android:launchMode="singleTop" />
81-->src/main/AndroidManifest.xml:71:13-43
82        <activity
82-->src/main/AndroidManifest.xml:72:9-74:46
83            android:name="com.erik.android.androidlean.activity.DownloadActivity"
83-->src/main/AndroidManifest.xml:73:13-54
84            android:launchMode="singleTop" />
84-->src/main/AndroidManifest.xml:74:13-43
85        <activity
85-->src/main/AndroidManifest.xml:75:9-77:46
86            android:name="com.erik.android.androidlean.activity.LoginActivity"
86-->src/main/AndroidManifest.xml:76:13-51
87            android:launchMode="singleTop" />
87-->src/main/AndroidManifest.xml:77:13-43
88        <activity
88-->src/main/AndroidManifest.xml:78:9-80:46
89            android:name="com.erik.android.androidlean.activity.PreforenceActivity"
89-->src/main/AndroidManifest.xml:79:13-56
90            android:launchMode="singleTop" />
90-->src/main/AndroidManifest.xml:80:13-43
91
92        <provider
92-->src/main/AndroidManifest.xml:82:9-86:39
93            android:name="com.erik.android.androidlean.ohter.NameContentProvider"
93-->src/main/AndroidManifest.xml:83:13-54
94            android:authorities="com.jay.example.providers.myprovider"
94-->src/main/AndroidManifest.xml:84:13-71
95            android:enabled="true"
95-->src/main/AndroidManifest.xml:85:13-35
96            android:exported="true" />
96-->src/main/AndroidManifest.xml:86:13-36
97
98        <activity
98-->[:qrcodelibrary-release:] AndroidManifest.xml:12:9-15:59
99            android:name="com.erik.qrcodelibrary.QRCodeActivity"
99-->[:qrcodelibrary-release:] AndroidManifest.xml:13:13-65
100            android:label="@string/title_activity_qrcode"
100-->[:qrcodelibrary-release:] AndroidManifest.xml:14:13-58
101            android:theme="@style/AppTheme.NoActionBar" />
101-->[:qrcodelibrary-release:] AndroidManifest.xml:15:13-56
102
103        <meta-data
103-->[com.github.bumptech.glide:okhttp3-integration:4.9.0] AndroidManifest.xml:11:9-13:43
104            android:name="com.bumptech.glide.integration.okhttp3.OkHttpGlideModule"
104-->[com.github.bumptech.glide:okhttp3-integration:4.9.0] AndroidManifest.xml:12:13-84
105            android:value="GlideModule" />
105-->[com.github.bumptech.glide:okhttp3-integration:4.9.0] AndroidManifest.xml:13:13-40
106
107        <activity
107-->[com.github.SherlockGougou:BigImageViewPager:v4_4.1.0] AndroidManifest.xml:14:9-16:57
108            android:name="cc.shinichi.library.view.ImagePreviewActivity"
108-->[com.github.SherlockGougou:BigImageViewPager:v4_4.1.0] AndroidManifest.xml:15:13-73
109            android:theme="@style/Theme.ImagePreview" />
109-->[com.github.SherlockGougou:BigImageViewPager:v4_4.1.0] AndroidManifest.xml:16:13-54
110    </application>
111
112</manifest>